<?xml version="1.0" encoding="UTF-8"?>
<testng-results ignored="0" total="1" passed="1" failed="0" skipped="0">
  <reporter-output>
  </reporter-output>
  <suite started-at="2024-11-06T16:32:55 IST" name="Default suite" finished-at="2024-11-06T16:33:45 IST" duration-ms="50390">
    <groups>
    </groups>
    <test started-at="2024-11-06T16:32:55 IST" name="Default test" finished-at="2024-11-06T16:33:45 IST" duration-ms="50390">
      <class name="testpkg.Registrationtest">
        <test-method is-config="true" signature="setup()[pri:0, instance:testpkg.Registrationtest@4b29d1d2]" started-at="2024-11-06T16:32:55 IST" name="setup" finished-at="2024-11-06T16:33:08 IST" duration-ms="13244" status="PASS">
          <reporter-output>
          </reporter-output>
        </test-method> <!-- setup -->
        <test-method signature="verfylogin()[pri:0, instance:testpkg.Registrationtest@4b29d1d2]" started-at="2024-11-06T16:33:08 IST" name="verfylogin" finished-at="2024-11-06T16:33:45 IST" duration-ms="37088" status="PASS">
          <reporter-output>
          </reporter-output>
        </test-method> <!-- verfylogin -->
      </class> <!-- testpkg.Registrationtest -->
    </test> <!-- Default test -->
  </suite> <!-- Default suite -->
</testng-results>
